   ------------------------------------------------------------
  | Welcome to ROOT 6.18/04                  https://root.cern |
  |                               (c) 1995-2019, The ROOT Team |
  | Built for linuxx8664gcc on Mar 24 2020, 23:38:00           |
  | From tag , 11 September 2019                               |
  | Try '.help', '.demo', '.license', '.credits', '.quit'/'.q' |
   ------------------------------------------------------------


Processing SuperPlot.C+...
Warning in <TH1::TH1>: nbins is <=0 - set to nbins = 1
0
0
0
0
0
0
0
0
0
0
0
0
0
0
0
0
0
0
0
0
0
0
0
0
0
0
0
0
0
0
0
0
0
0
0
0
0
0
0
0
0
0
0
0
0
0
0
0
0
0
0
0
0
0
0
0
0
0
0
0
0
0
0
0
0
0
0
0
0
0
0
0
0
0
0
0
0
0
0
0
0
0
0
0
0
0
0
0
0
0
0
0
0
0
0
0
0
0
0
0
0
0
0
0
0
0
0
0
0
0
0
0
0
0
0
0
0
0
0
0
0
0
0
0
0
0
0
0
0
0
0
0
0
0
0
0
0
0
0
0
0
0
0
0
0
0
0
0
0
0
0
0
0
0
0
0
0
0
0
0
0
0
0
0
0
0
0
0
0
0
0
0
0
0
0
0
0
0
0
0
0
0
0
0
0
0
0
0
0
0
0
0
0
0
0
0
0
0
0
0
0
0
0
0
0
0
0
0
0
0
0
0
0
0
0
0
0
0
0
0
0
0
0
0
0
0
0
0
0
0
0
0
0
0
0
0
0
0
0
0
0
0
0
0
0
0
0
0
0
0
   ------------------------------------------------------------
  | Welcome to ROOT 6.18/04                  https://root.cern |
  |                               (c) 1995-2019, The ROOT Team |
  | Built for linuxx8664gcc on Mar 24 2020, 23:38:00           |
  | From tag , 11 September 2019                               |
  | Try '.help', '.demo', '.license', '.credits', '.quit'/'.q' |
   ------------------------------------------------------------


Processing SuperPlot.C+...
at 0 adding 0
at 0 adding 0
at 0 adding 0
at 0 adding 0
bincontent at 0 is 0
at 1 adding 0
at 1 adding 0.0224599
at 1 adding 0
at 1 adding 0
bincontent at 1 is 0.0224599
at 2 adding 0
at 2 adding 0.213837
at 2 adding 0
at 2 adding 0
bincontent at 2 is 0.213837
at 3 adding 0
at 3 adding 0.586766
at 3 adding 0
at 3 adding 0
bincontent at 3 is 0.586766
at 4 adding 0
at 4 adding 1.11177
at 4 adding 0
at 4 adding 0
bincontent at 4 is 1.11177
at 5 adding 0
at 5 adding 1.298
at 5 adding 0
at 5 adding 0
bincontent at 5 is 1.298
at 6 adding 0
at 6 adding 1.06638
at 6 adding 0
at 6 adding 0
bincontent at 6 is 1.06638
at 7 adding 0
at 7 adding 0.785161
at 7 adding 0
at 7 adding 0
bincontent at 7 is 0.785161
at 8 adding 0
at 8 adding 0.557755
at 8 adding 0
at 8 adding 0
bincontent at 8 is 0.557755
at 9 adding 0
at 9 adding 0.413169
at 9 adding 0
at 9 adding 0
bincontent at 9 is 0.413169
at 10 adding 0
at 10 adding 0.293383
at 10 adding 0
at 10 adding 0
bincontent at 10 is 0.293383
at 11 adding 0
at 11 adding 0.244252
at 11 adding 0
at 11 adding 0
bincontent at 11 is 0.244252
at 12 adding 0
at 12 adding 0.198864
at 12 adding 0
at 12 adding 0
bincontent at 12 is 0.198864
at 13 adding 0
at 13 adding 0.196056
at 13 adding 0
at 13 adding 0
bincontent at 13 is 0.196056
at 14 adding 0
at 14 adding 0.190909
at 14 adding 0
at 14 adding 0
bincontent at 14 is 0.190909
at 15 adding 0
at 15 adding 0.157687
at 15 adding 0
at 15 adding 0
bincontent at 15 is 0.157687
at 16 adding 0
at 16 adding 0.169385
at 16 adding 0
at 16 adding 0
bincontent at 16 is 0.169385
at 17 adding 0
at 17 adding 0.121658
at 17 adding 0
at 17 adding 0
bincontent at 17 is 0.121658
at 18 adding 0
at 18 adding 0.120254
at 18 adding 0
at 18 adding 0
bincontent at 18 is 0.120254
at 19 adding 0
at 19 adding 0.0954547
at 19 adding 0
at 19 adding 0
bincontent at 19 is 0.0954547
at 20 adding 0
at 20 adding 0.102941
at 20 adding 0
at 20 adding 0
bincontent at 20 is 0.102941
at 21 adding 0
at 21 adding 0.0818851
at 21 adding 0
at 21 adding 0
bincontent at 21 is 0.0818851
at 22 adding 0
at 22 adding 0.0711231
at 22 adding 0
at 22 adding 0
bincontent at 22 is 0.0711231
at 23 adding 0
at 23 adding 0.0617648
at 23 adding 0
at 23 adding 0
bincontent at 23 is 0.0617648
at 24 adding 0
at 24 adding 0.060361
at 24 adding 0
at 24 adding 0
bincontent at 24 is 0.060361
at 25 adding 0
at 25 adding 0.0505348
at 25 adding 0
at 25 adding 0
bincontent at 25 is 0.0505348
at 26 adding 0
at 26 adding 0.0364974
at 26 adding 0
at 26 adding 0
bincontent at 26 is 0.0364974
at 27 adding 0
at 27 adding 0.0407086
at 27 adding 0
at 27 adding 0
bincontent at 27 is 0.0407086
at 28 adding 0
at 28 adding 0.0364974
at 28 adding 0
at 28 adding 0
bincontent at 28 is 0.0364974
at 29 adding 0
at 29 adding 0.0360295
at 29 adding 0
at 29 adding 0
bincontent at 29 is 0.0360295
at 30 adding 0
at 30 adding 0.0280749
at 30 adding 0
at 30 adding 0
bincontent at 30 is 0.0280749
at 31 adding 0
at 31 adding 0.0252674
at 31 adding 0
at 31 adding 0
bincontent at 31 is 0.0252674
at 32 adding 0
at 32 adding 0.021992
at 32 adding 0
at 32 adding 0
bincontent at 32 is 0.021992
at 33 adding 0
at 33 adding 0.021992
at 33 adding 0
at 33 adding 0
bincontent at 33 is 0.021992
at 34 adding 0
at 34 adding 0.0177808
at 34 adding 0
at 34 adding 0
bincontent at 34 is 0.0177808
at 35 adding 0
at 35 adding 0.016377
at 35 adding 0
at 35 adding 0
bincontent at 35 is 0.016377
at 36 adding 0
at 36 adding 0.0149733
at 36 adding 0
at 36 adding 0
bincontent at 36 is 0.0149733
at 37 adding 0
at 37 adding 0.0154412
at 37 adding 0
at 37 adding 0
bincontent at 37 is 0.0154412
at 38 adding 0
at 38 adding 0.0131016
at 38 adding 0
at 38 adding 0
bincontent at 38 is 0.0131016
at 39 adding 0
at 39 adding 0.0102941
at 39 adding 0
at 39 adding 0
bincontent at 39 is 0.0102941
at 40 adding 0
at 40 adding 0.0116979
at 40 adding 0
at 40 adding 0
bincontent at 40 is 0.0116979
at 41 adding 0
at 41 adding 0.00889039
at 41 adding 0
at 41 adding 0
bincontent at 41 is 0.00889039
at 42 adding 0
at 42 adding 0.00795456
at 42 adding 0
at 42 adding 0
bincontent at 42 is 0.00795456
at 43 adding 0
at 43 adding 0.0060829
at 43 adding 0
at 43 adding 0
bincontent at 43 is 0.0060829
at 44 adding 0
at 44 adding 0.00467915
at 44 adding 0
at 44 adding 0
bincontent at 44 is 0.00467915
at 45 adding 0
at 45 adding 0.00374332
at 45 adding 0
at 45 adding 0
bincontent at 45 is 0.00374332
at 46 adding 0
at 46 adding 0.0116979
at 46 adding 0
at 46 adding 0
bincontent at 46 is 0.0116979
at 47 adding 0
at 47 adding 0.00748664
at 47 adding 0
at 47 adding 0
bincontent at 47 is 0.00748664
at 48 adding 0
at 48 adding 0.00421124
at 48 adding 0
at 48 adding 0
bincontent at 48 is 0.00421124
at 49 adding 0
at 49 adding 0.00327541
at 49 adding 0
at 49 adding 0
bincontent at 49 is 0.00327541
at 50 adding 0
at 50 adding 0.00374332
at 50 adding 0
at 50 adding 0
bincontent at 50 is 0.00374332
at 51 adding 0
at 51 adding 0.00327541
at 51 adding 0
at 51 adding 0
bincontent at 51 is 0.00327541
at 52 adding 0
at 52 adding 0.00187166
at 52 adding 0
at 52 adding 0
bincontent at 52 is 0.00187166
at 53 adding 0
at 53 adding 0.00374332
at 53 adding 0
at 53 adding 0
bincontent at 53 is 0.00374332
at 54 adding 0
at 54 adding 0.00280749
at 54 adding 0
at 54 adding 0
bincontent at 54 is 0.00280749
at 55 adding 0
at 55 adding 0.00421124
at 55 adding 0
at 55 adding 0
bincontent at 55 is 0.00421124
at 56 adding 0
at 56 adding 0.00374332
at 56 adding 0
at 56 adding 0
bincontent at 56 is 0.00374332
at 57 adding 0
at 57 adding 0.00327541
at 57 adding 0
at 57 adding 0
bincontent at 57 is 0.00327541
at 58 adding 0
at 58 adding 0.00233958
at 58 adding 0
at 58 adding 0
bincontent at 58 is 0.00233958
at 59 adding 0
at 59 adding 0.00140375
at 59 adding 0
at 59 adding 0
bincontent at 59 is 0.00140375
at 60 adding 0
at 60 adding 0.00187166
at 60 adding 0
at 60 adding 0
bincontent at 60 is 0.00187166
at 61 adding 0
at 61 adding 0.000467915
at 61 adding 0
at 61 adding 0
bincontent at 61 is 0.000467915
at 62 adding 0
at 62 adding 0.00093583
at 62 adding 0
at 62 adding 0
bincontent at 62 is 0.00093583
at 63 adding 0
at 63 adding 0.000467915
at 63 adding 0
at 63 adding 0
bincontent at 63 is 0.000467915
at 64 adding 0
at 64 adding 0.00093583
at 64 adding 0
at 64 adding 0
bincontent at 64 is 0.00093583
at 65 adding 0
at 65 adding 0.00140375
at 65 adding 0
at 65 adding 0
bincontent at 65 is 0.00140375
at 66 adding 0
at 66 adding 0.00093583
at 66 adding 0
at 66 adding 0
bincontent at 66 is 0.00093583
at 67 adding 0
at 67 adding 0.00140375
at 67 adding 0
at 67 adding 0
bincontent at 67 is 0.00140375
at 68 adding 0
at 68 adding 0.00093583
at 68 adding 0
at 68 adding 0
bincontent at 68 is 0.00093583
at 69 adding 0
at 69 adding 0.00093583
at 69 adding 0
at 69 adding 0
bincontent at 69 is 0.00093583
at 70 adding 0
at 70 adding 0.00093583
at 70 adding 0
at 70 adding 0
bincontent at 70 is 0.00093583
at 71 adding 0
at 71 adding 0.000467915
at 71 adding 0
at 71 adding 0
bincontent at 71 is 0.000467915
at 72 adding 0
at 72 adding 0.00140375
at 72 adding 0
at 72 adding 0
bincontent at 72 is 0.00140375
at 73 adding 0
at 73 adding 0
at 73 adding 0
at 73 adding 0
bincontent at 73 is 0
at 74 adding 0
at 74 adding 0.00093583
at 74 adding 0
at 74 adding 0
bincontent at 74 is 0.00093583
at 75 adding 0
at 75 adding 0.000467915
at 75 adding 0
at 75 adding 0
bincontent at 75 is 0.000467915
at 76 adding 0
at 76 adding 0
at 76 adding 0
at 76 adding 0
bincontent at 76 is 0
at 77 adding 0
at 77 adding 0.00093583
at 77 adding 0
at 77 adding 0
bincontent at 77 is 0.00093583
at 78 adding 0
at 78 adding 0.00093583
at 78 adding 0
at 78 adding 0
bincontent at 78 is 0.00093583
at 79 adding 0
at 79 adding 0.00140375
at 79 adding 0
at 79 adding 0
bincontent at 79 is 0.00140375
at 80 adding 0
at 80 adding 0.000467915
at 80 adding 0
at 80 adding 0
bincontent at 80 is 0.000467915
at 81 adding 0
at 81 adding 0
at 81 adding 0
at 81 adding 0
bincontent at 81 is 0
at 82 adding 0
at 82 adding 0.00093583
at 82 adding 0
at 82 adding 0
bincontent at 82 is 0.00093583
at 83 adding 0
at 83 adding 0
at 83 adding 0
at 83 adding 0
bincontent at 83 is 0
at 84 adding 0
at 84 adding 0.000467915
at 84 adding 0
at 84 adding 0
bincontent at 84 is 0.000467915
at 85 adding 0
at 85 adding 0
at 85 adding 0
at 85 adding 0
bincontent at 85 is 0
at 86 adding 0
at 86 adding 0
at 86 adding 0
at 86 adding 0
bincontent at 86 is 0
at 87 adding 0
at 87 adding 0
at 87 adding 0
at 87 adding 0
bincontent at 87 is 0
at 88 adding 0
at 88 adding 0.000467915
at 88 adding 0
at 88 adding 0
bincontent at 88 is 0.000467915
at 89 adding 0
at 89 adding 0
at 89 adding 0
at 89 adding 0
bincontent at 89 is 0
at 90 adding 0
at 90 adding 0
at 90 adding 0
at 90 adding 0
bincontent at 90 is 0
at 91 adding 0
at 91 adding 0.000467915
at 91 adding 0
at 91 adding 0
bincontent at 91 is 0.000467915
at 92 adding 0
at 92 adding 0
at 92 adding 0
at 92 adding 0
bincontent at 92 is 0
at 93 adding 0
at 93 adding 0
at 93 adding 0
at 93 adding 0
bincontent at 93 is 0
at 94 adding 0
at 94 adding 0
at 94 adding 0
at 94 adding 0
bincontent at 94 is 0
at 95 adding 0
at 95 adding 0.000467915
at 95 adding 0
at 95 adding 0
bincontent at 95 is 0.000467915
at 96 adding 0
at 96 adding 0
at 96 adding 0
at 96 adding 0
bincontent at 96 is 0
at 97 adding 0
at 97 adding 0
at 97 adding 0
at 97 adding 0
bincontent at 97 is 0
at 98 adding 0
at 98 adding 0
at 98 adding 0
at 98 adding 0
bincontent at 98 is 0
at 99 adding 0
at 99 adding 0
at 99 adding 0
at 99 adding 0
bincontent at 99 is 0
at 100 adding 0
at 100 adding 0
at 100 adding 0
at 100 adding 0
bincontent at 100 is 0
at 101 adding 0
at 101 adding 0.000467915
at 101 adding 0
at 101 adding 0
bincontent at 101 is 0.000467915
at 102 adding 0
at 102 adding 0
at 102 adding 0
at 102 adding 0
bincontent at 102 is 0
at 103 adding 0
at 103 adding 0
at 103 adding 0
at 103 adding 0
bincontent at 103 is 0
at 104 adding 0
at 104 adding 0
at 104 adding 0
at 104 adding 0
bincontent at 104 is 0
at 105 adding 0
at 105 adding 0
at 105 adding 0
at 105 adding 0
bincontent at 105 is 0
at 106 adding 0
at 106 adding 0
at 106 adding 0
at 106 adding 0
bincontent at 106 is 0
at 107 adding 0
at 107 adding 0.000467915
at 107 adding 0
at 107 adding 0
bincontent at 107 is 0.000467915
at 108 adding 0
at 108 adding 0
at 108 adding 0
at 108 adding 0
bincontent at 108 is 0
at 109 adding 0
at 109 adding 0
at 109 adding 0
at 109 adding 0
bincontent at 109 is 0
at 110 adding 0
at 110 adding 0
at 110 adding 0
at 110 adding 0
bincontent at 110 is 0
at 111 adding 0
at 111 adding 0
at 111 adding 0
at 111 adding 0
bincontent at 111 is 0
at 112 adding 0
at 112 adding 0
at 112 adding 0
at 112 adding 0
bincontent at 112 is 0
at 113 adding 0
at 113 adding 0
at 113 adding 0
at 113 adding 0
bincontent at 113 is 0
at 114 adding 0
at 114 adding 0
at 114 adding 0
at 114 adding 0
bincontent at 114 is 0
at 115 adding 0
at 115 adding 0
at 115 adding 0
at 115 adding 0
bincontent at 115 is 0
at 116 adding 0
at 116 adding 0.000467915
at 116 adding 0
at 116 adding 0
bincontent at 116 is 0.000467915
at 117 adding 0
at 117 adding 0
at 117 adding 0
at 117 adding 0
bincontent at 117 is 0
at 118 adding 0
at 118 adding 0
at 118 adding 0
at 118 adding 0
bincontent at 118 is 0
at 119 adding 0
at 119 adding 0
at 119 adding 0
at 119 adding 0
bincontent at 119 is 0
at 120 adding 0
at 120 adding 0
at 120 adding 0
at 120 adding 0
bincontent at 120 is 0
at 121 adding 0
at 121 adding 0
at 121 adding 0
at 121 adding 0
bincontent at 121 is 0
at 122 adding 0
at 122 adding 0
at 122 adding 0
at 122 adding 0
bincontent at 122 is 0
at 123 adding 0
at 123 adding 0
at 123 adding 0
at 123 adding 0
bincontent at 123 is 0
at 124 adding 0
at 124 adding 0
at 124 adding 0
at 124 adding 0
bincontent at 124 is 0
at 125 adding 0
at 125 adding 0
at 125 adding 0
at 125 adding 0
bincontent at 125 is 0
at 126 adding 0
at 126 adding 0
at 126 adding 0
at 126 adding 0
bincontent at 126 is 0
at 127 adding 0
at 127 adding 0
at 127 adding 0
at 127 adding 0
bincontent at 127 is 0
at 128 adding 0
at 128 adding 0
at 128 adding 0
at 128 adding 0
bincontent at 128 is 0
at 129 adding 0
at 129 adding 0
at 129 adding 0
at 129 adding 0
bincontent at 129 is 0
at 130 adding 0
at 130 adding 0
at 130 adding 0
at 130 adding 0
bincontent at 130 is 0
at 131 adding 0
at 131 adding 0
at 131 adding 0
at 131 adding 0
bincontent at 131 is 0
at 132 adding 0
at 132 adding 0
at 132 adding 0
at 132 adding 0
bincontent at 132 is 0
at 133 adding 0
at 133 adding 0
at 133 adding 0
at 133 adding 0
bincontent at 133 is 0
at 134 adding 0
at 134 adding 0
at 134 adding 0
at 134 adding 0
bincontent at 134 is 0
at 135 adding 0
at 135 adding 0
at 135 adding 0
at 135 adding 0
bincontent at 135 is 0
at 136 adding 0
at 136 adding 0
at 136 adding 0
at 136 adding 0
bincontent at 136 is 0
at 137 adding 0
at 137 adding 0
at 137 adding 0
at 137 adding 0
bincontent at 137 is 0
at 138 adding 0
at 138 adding 0
at 138 adding 0
at 138 adding 0
bincontent at 138 is 0
at 139 adding 0
at 139 adding 0
at 139 adding 0
at 139 adding 0
bincontent at 139 is 0
at 140 adding 0
at 140 adding 0
at 140 adding 0
at 140 adding 0
bincontent at 140 is 0
at 141 adding 0
at 141 adding 0
at 141 adding 0
at 141 adding 0
bincontent at 141 is 0
at 142 adding 0
at 142 adding 0.000467915
at 142 adding 0
at 142 adding 0
bincontent at 142 is 0.000467915
at 143 adding 0
at 143 adding 0
at 143 adding 0
at 143 adding 0
bincontent at 143 is 0
at 144 adding 0
at 144 adding 0
at 144 adding 0
at 144 adding 0
bincontent at 144 is 0
at 145 adding 0
at 145 adding 0
at 145 adding 0
at 145 adding 0
bincontent at 145 is 0
at 146 adding 0
at 146 adding 0
at 146 adding 0
at 146 adding 0
bincontent at 146 is 0
at 147 adding 0
at 147 adding 0
at 147 adding 0
at 147 adding 0
bincontent at 147 is 0
at 148 adding 0
at 148 adding 0
at 148 adding 0
at 148 adding 0
bincontent at 148 is 0
at 149 adding 0
at 149 adding 0
at 149 adding 0
at 149 adding 0
bincontent at 149 is 0
at 150 adding 0
at 150 adding 0
at 150 adding 0
at 150 adding 0
bincontent at 150 is 0
at 151 adding 0
at 151 adding 0
at 151 adding 0
at 151 adding 0
bincontent at 151 is 0
at 152 adding 0
at 152 adding 0
at 152 adding 0
at 152 adding 0
bincontent at 152 is 0
at 153 adding 0
at 153 adding 0
at 153 adding 0
at 153 adding 0
bincontent at 153 is 0
at 154 adding 0
at 154 adding 0
at 154 adding 0
at 154 adding 0
bincontent at 154 is 0
at 155 adding 0
at 155 adding 0
at 155 adding 0
at 155 adding 0
bincontent at 155 is 0
at 156 adding 0
at 156 adding 0
at 156 adding 0
at 156 adding 0
bincontent at 156 is 0
at 157 adding 0
at 157 adding 0
at 157 adding 0
at 157 adding 0
bincontent at 157 is 0
at 158 adding 0
at 158 adding 0
at 158 adding 0
at 158 adding 0
bincontent at 158 is 0
at 159 adding 0
at 159 adding 0
at 159 adding 0
at 159 adding 0
bincontent at 159 is 0
at 160 adding 0
at 160 adding 0
at 160 adding 0
at 160 adding 0
bincontent at 160 is 0
at 161 adding 0
at 161 adding 0
at 161 adding 0
at 161 adding 0
bincontent at 161 is 0
at 162 adding 0
at 162 adding 0
at 162 adding 0
at 162 adding 0
bincontent at 162 is 0
at 163 adding 0
at 163 adding 0
at 163 adding 0
at 163 adding 0
bincontent at 163 is 0
at 164 adding 0
at 164 adding 0
at 164 adding 0
at 164 adding 0
bincontent at 164 is 0
at 165 adding 0
at 165 adding 0
at 165 adding 0
at 165 adding 0
bincontent at 165 is 0
at 166 adding 0
at 166 adding 0
at 166 adding 0
at 166 adding 0
bincontent at 166 is 0
at 167 adding 0
at 167 adding 0
at 167 adding 0
at 167 adding 0
bincontent at 167 is 0
at 168 adding 0
at 168 adding 0
at 168 adding 0
at 168 adding 0
bincontent at 168 is 0
at 169 adding 0
at 169 adding 0
at 169 adding 0
at 169 adding 0
bincontent at 169 is 0
at 170 adding 0
at 170 adding 0
at 170 adding 0
at 170 adding 0
bincontent at 170 is 0
at 171 adding 0
at 171 adding 0
at 171 adding 0
at 171 adding 0
bincontent at 171 is 0
at 172 adding 0
at 172 adding 0
at 172 adding 0
at 172 adding 0
bincontent at 172 is 0
at 173 adding 0
at 173 adding 0
at 173 adding 0
at 173 adding 0
bincontent at 173 is 0
at 174 adding 0
at 174 adding 0
at 174 adding 0
at 174 adding 0
bincontent at 174 is 0
at 175 adding 0
at 175 adding 0
at 175 adding 0
at 175 adding 0
bincontent at 175 is 0
at 176 adding 0
at 176 adding 0
at 176 adding 0
at 176 adding 0
bincontent at 176 is 0
at 177 adding 0
at 177 adding 0
at 177 adding 0
at 177 adding 0
bincontent at 177 is 0
at 178 adding 0
at 178 adding 0
at 178 adding 0
at 178 adding 0
bincontent at 178 is 0
at 179 adding 0
at 179 adding 0
at 179 adding 0
at 179 adding 0
bincontent at 179 is 0
at 180 adding 0
at 180 adding 0
at 180 adding 0
at 180 adding 0
bincontent at 180 is 0
at 181 adding 0
at 181 adding 0
at 181 adding 0
at 181 adding 0
bincontent at 181 is 0
at 182 adding 0
at 182 adding 0
at 182 adding 0
at 182 adding 0
bincontent at 182 is 0
at 183 adding 0
at 183 adding 0
at 183 adding 0
at 183 adding 0
bincontent at 183 is 0
at 184 adding 0
at 184 adding 0
at 184 adding 0
at 184 adding 0
bincontent at 184 is 0
at 185 adding 0
at 185 adding 0
at 185 adding 0
at 185 adding 0
bincontent at 185 is 0
at 186 adding 0
at 186 adding 0
at 186 adding 0
at 186 adding 0
bincontent at 186 is 0
at 187 adding 0
at 187 adding 0
at 187 adding 0
at 187 adding 0
bincontent at 187 is 0
at 188 adding 0
at 188 adding 0
at 188 adding 0
at 188 adding 0
bincontent at 188 is 0
at 189 adding 0
at 189 adding 0
at 189 adding 0
at 189 adding 0
bincontent at 189 is 0
at 190 adding 0
at 190 adding 0
at 190 adding 0
at 190 adding 0
bincontent at 190 is 0
at 191 adding 0
at 191 adding 0
at 191 adding 0
at 191 adding 0
bincontent at 191 is 0
at 192 adding 0
at 192 adding 0
at 192 adding 0
at 192 adding 0
bincontent at 192 is 0
at 193 adding 0
at 193 adding 0
at 193 adding 0
at 193 adding 0
bincontent at 193 is 0
at 194 adding 0
at 194 adding 0
at 194 adding 0
at 194 adding 0
bincontent at 194 is 0
at 195 adding 0
at 195 adding 0
at 195 adding 0
at 195 adding 0
bincontent at 195 is 0
at 196 adding 0
at 196 adding 0
at 196 adding 0
at 196 adding 0
bincontent at 196 is 0
at 197 adding 0
at 197 adding 0
at 197 adding 0
at 197 adding 0
bincontent at 197 is 0
at 198 adding 0
at 198 adding 0
at 198 adding 0
at 198 adding 0
bincontent at 198 is 0
at 199 adding 0
at 199 adding 0
at 199 adding 0
at 199 adding 0
bincontent at 199 is 0
at 200 adding 0
at 200 adding 0
at 200 adding 0
at 200 adding 0
bincontent at 200 is 0
at 201 adding 0
at 201 adding 0
at 201 adding 0
at 201 adding 0
bincontent at 201 is 0
at 202 adding 0
at 202 adding 0
at 202 adding 0
at 202 adding 0
bincontent at 202 is 0
at 203 adding 0
at 203 adding 0
at 203 adding 0
at 203 adding 0
bincontent at 203 is 0
at 204 adding 0
at 204 adding 0
at 204 adding 0
at 204 adding 0
bincontent at 204 is 0
at 205 adding 0
at 205 adding 0
at 205 adding 0
at 205 adding 0
bincontent at 205 is 0
at 206 adding 0
at 206 adding 0
at 206 adding 0
at 206 adding 0
bincontent at 206 is 0
at 207 adding 0
at 207 adding 0
at 207 adding 0
at 207 adding 0
bincontent at 207 is 0
at 208 adding 0
at 208 adding 0
at 208 adding 0
at 208 adding 0
bincontent at 208 is 0
at 209 adding 0
at 209 adding 0
at 209 adding 0
at 209 adding 0
bincontent at 209 is 0
at 210 adding 0
at 210 adding 0
at 210 adding 0
at 210 adding 0
bincontent at 210 is 0
at 211 adding 0
at 211 adding 0
at 211 adding 0
at 211 adding 0
bincontent at 211 is 0
at 212 adding 0
at 212 adding 0
at 212 adding 0
at 212 adding 0
bincontent at 212 is 0
at 213 adding 0
at 213 adding 0
at 213 adding 0
at 213 adding 0
bincontent at 213 is 0
at 214 adding 0
at 214 adding 0
at 214 adding 0
at 214 adding 0
bincontent at 214 is 0
at 215 adding 0
at 215 adding 0
at 215 adding 0
at 215 adding 0
bincontent at 215 is 0
at 216 adding 0
at 216 adding 0
at 216 adding 0
at 216 adding 0
bincontent at 216 is 0
at 217 adding 0
at 217 adding 0
at 217 adding 0
at 217 adding 0
bincontent at 217 is 0
at 218 adding 0
at 218 adding 0
at 218 adding 0
at 218 adding 0
bincontent at 218 is 0
at 219 adding 0
at 219 adding 0
at 219 adding 0
at 219 adding 0
bincontent at 219 is 0
at 220 adding 0
at 220 adding 0
at 220 adding 0
at 220 adding 0
bincontent at 220 is 0
at 221 adding 0
at 221 adding 0
at 221 adding 0
at 221 adding 0
bincontent at 221 is 0
at 222 adding 0
at 222 adding 0
at 222 adding 0
at 222 adding 0
bincontent at 222 is 0
at 223 adding 0
at 223 adding 0
at 223 adding 0
at 223 adding 0
bincontent at 223 is 0
at 224 adding 0
at 224 adding 0
at 224 adding 0
at 224 adding 0
bincontent at 224 is 0
at 225 adding 0
at 225 adding 0
at 225 adding 0
at 225 adding 0
bincontent at 225 is 0
at 226 adding 0
at 226 adding 0
at 226 adding 0
at 226 adding 0
bincontent at 226 is 0
at 227 adding 0
at 227 adding 0
at 227 adding 0
at 227 adding 0
bincontent at 227 is 0
at 228 adding 0
at 228 adding 0
at 228 adding 0
at 228 adding 0
bincontent at 228 is 0
at 229 adding 0
at 229 adding 0
at 229 adding 0
at 229 adding 0
bincontent at 229 is 0
at 230 adding 0
at 230 adding 0
at 230 adding 0
at 230 adding 0
bincontent at 230 is 0
at 231 adding 0
at 231 adding 0
at 231 adding 0
at 231 adding 0
bincontent at 231 is 0
at 232 adding 0
at 232 adding 0
at 232 adding 0
at 232 adding 0
bincontent at 232 is 0
at 233 adding 0
at 233 adding 0
at 233 adding 0
at 233 adding 0
bincontent at 233 is 0
at 234 adding 0
at 234 adding 0
at 234 adding 0
at 234 adding 0
bincontent at 234 is 0
at 235 adding 0
at 235 adding 0
at 235 adding 0
at 235 adding 0
bincontent at 235 is 0
at 236 adding 0
at 236 adding 0
at 236 adding 0
at 236 adding 0
bincontent at 236 is 0
at 237 adding 0
at 237 adding 0
at 237 adding 0
at 237 adding 0
bincontent at 237 is 0
at 238 adding 0
at 238 adding 0
at 238 adding 0
at 238 adding 0
bincontent at 238 is 0
at 239 adding 0
at 239 adding 0
at 239 adding 0
at 239 adding 0
bincontent at 239 is 0
at 240 adding 0
at 240 adding 0
at 240 adding 0
at 240 adding 0
bincontent at 240 is 0
at 241 adding 0
at 241 adding 0
at 241 adding 0
at 241 adding 0
bincontent at 241 is 0
at 242 adding 0
at 242 adding 0
at 242 adding 0
at 242 adding 0
bincontent at 242 is 0
at 243 adding 0
at 243 adding 0
at 243 adding 0
at 243 adding 0
bincontent at 243 is 0
at 244 adding 0
at 244 adding 0
at 244 adding 0
at 244 adding 0
bincontent at 244 is 0
at 245 adding 0
at 245 adding 0
at 245 adding 0
at 245 adding 0
bincontent at 245 is 0
at 246 adding 0
at 246 adding 0
at 246 adding 0
at 246 adding 0
bincontent at 246 is 0
at 247 adding 0
at 247 adding 0
at 247 adding 0
at 247 adding 0
bincontent at 247 is 0
at 248 adding 0
at 248 adding 0
at 248 adding 0
at 248 adding 0
bincontent at 248 is 0
at 249 adding 0
at 249 adding 0
at 249 adding 0
at 249 adding 0
bincontent at 249 is 0
