#Data tag : 23v1 , Norm tag: onlineresult
+-------------+-------------------+------+------+----------------+---------------+
| run:fill    | time              | nls  | ncms | delivered(/fb) | recorded(/fb) |
+-------------+-------------------+------+------+----------------+---------------+
| 315257:6615 | 04/26/18 21:09:40 | 90   | 90   | 0.008244874    | 0.007875652   |
| 315259:6615 | 04/26/18 21:54:51 | 172  | 172  | 0.014104983    | 0.013742037   |
| 315264:6616 | 04/27/18 02:45:32 | 230  | 230  | 0.040706107    | 0.039013231   |
| 315265:6616 | 04/27/18 04:20:05 | 55   | 55   | 0.009150117    | 0.006336633   |
| 315267:6616 | 04/27/18 04:59:11 | 244  | 244  | 0.037455391    | 0.036401502   |
| 315270:6616 | 04/27/18 06:44:15 | 633  | 633  | 0.078780551    | 0.077040479   |
| 315322:6617 | 04/27/18 14:41:34 | 1329 | 1329 | 0.180354101    | 0.176234018   |
| 315339:6618 | 04/28/18 03:06:24 | 618  | 618  | 0.093854358    | 0.091555169   |
| 315357:6620 | 04/28/18 19:32:25 | 776  | 776  | 0.152936915    | 0.149060878   |
| 315361:6621 | 04/29/18 03:17:58 | 580  | 580  | 0.120355907    | 0.116453756   |
| 315363:6621 | 04/29/18 07:08:35 | 86   | 86   | 0.014547867    | 0.014145189   |
| 315366:6621 | 04/29/18 08:43:30 | 736  | 736  | 0.098893302    | 0.097359662   |
| 315420:6624 | 04/29/18 23:54:09 | 1707 | 1707 | 0.257304228    | 0.251848623   |
| 315488:6628 | 04/30/18 19:08:38 | 802  | 802  | 0.191252992    | 0.186123365   |
| 315489:6628 | 05/01/18 02:09:59 | 691  | 691  | 0.101559713    | 0.099820288   |
| 315490:6628 | 05/01/18 06:53:23 | 24   | 24   | 0.002452247    | 0.002420044   |
| 315506:6629 | 05/01/18 10:08:40 | 88   | 88   | 0.028846960    | 0.027404615   |
| 315510:6629 | 05/01/18 11:10:29 | 345  | 345  | 0.104300683    | 0.100745732   |
| 315512:6629 | 05/01/18 13:27:09 | 1122 | 1122 | 0.233168646    | 0.228885473   |
| 315543:6633 | 05/02/18 04:09:50 | 117  | 117  | 0.037049615    | 0.036091539   |
| 315555:6636 | 05/02/18 09:42:48 | 76   | 76   | 0.023792345    | 0.021464942   |
| 315556:6636 | 05/02/18 10:15:54 | 26   | 26   | 0.008783416    | 0.008214690   |
| 315557:6636 | 05/02/18 10:30:10 | 279  | 279  | 0.084161782    | 0.082076690   |
| 315640:6638 | 05/02/18 21:31:41 | 42   | 42   | 0.014535817    | 0.010229296   |
| 315641:6638 | 05/02/18 21:56:12 | 4    | 4    | 0.001485991    | 0.001206105   |
| 315642:6638 | 05/02/18 22:03:16 | 92   | 92   | 0.031866426    | 0.030611117   |
| 315644:6638 | 05/02/18 22:42:00 | 184  | 184  | 0.063058288    | 0.061475660   |
| 315645:6638 | 05/02/18 23:58:43 | 583  | 583  | 0.159609992    | 0.155820629   |
| 315646:6638 | 05/03/18 03:51:56 | 1033 | 1033 | 0.186871079    | 0.183546425   |
| 315647:6638 | 05/03/18 10:38:46 | 58   | 58   | 0.008225138    | 0.007608846   |
| 315648:6638 | 05/03/18 11:04:01 | 110  | 110  | 0.014708900    | 0.014436219   |
| 315689:6639 | 05/03/18 14:58:22 | 1111 | 1111 | 0.327722544    | 0.318715754   |
| 315690:6639 | 05/03/18 22:39:08 | 645  | 645  | 0.115778104    | 0.113712537   |
| 315702:6640 | 05/04/18 08:08:15 | 76   | 76   | 0.023753005    | 0.022078719   |
| 315703:6640 | 05/04/18 08:40:27 | 545  | 545  | 0.157617040    | 0.152388984   |
| 315704:6640 | 05/04/18 12:15:58 | 61   | 61   | 0.014542480    | 0.014132135   |
| 315705:6640 | 05/04/18 12:42:46 | 698  | 698  | 0.128472766    | 0.126323431   |
| 315713:6641 | 05/04/18 19:35:25 | 1061 | 1061 | 0.353461025    | 0.341833839   |
| 315721:6642 | 05/05/18 05:08:15 | 589  | 589  | 0.211773666    | 0.204087837   |
| 315741:6643 | 05/05/18 11:57:44 | 59   | 59   | 0.024566167    | 0.023129593   |
| 315764:6645 | 05/05/18 15:48:29 | 273  | 273  | 0.116074405    | 0.111100195   |
| 315770:6646 | 05/06/18 02:20:23 | 294  | 294  | 0.122843187    | 0.118526708   |
| 315784:6648 | 05/06/18 11:07:00 | 126  | 126  | 0.052152154    | 0.050278289   |
| 315785:6648 | 05/06/18 12:23:07 | 303  | 303  | 0.105686852    | 0.102394762   |
| 315786:6648 | 05/06/18 14:25:10 | 72   | 72   | 0.021825131    | 0.020989018   |
| 315790:6648 | 05/06/18 18:12:53 | 921  | 921  | 0.170562481    | 0.166943955   |
| 315800:6650 | 05/07/18 06:55:20 | 581  | 581  | 0.205874660    | 0.199213438   |
| 315801:6650 | 05/07/18 10:57:12 | 344  | 344  | 0.097567139    | 0.095075053   |
| 315840:6654 | 05/07/18 21:19:17 | 1122 | 1122 | 0.351844375    | 0.341882407   |
| 315973:6659 | 05/08/18 23:33:11 | 855  | 855  | 0.274264199    | 0.267198835   |
| 315974:6659 | 05/09/18 05:17:09 | 71   | 71   | 0.018136474    | 0.017615480   |
| 316058:6662 | 05/09/18 20:47:17 | 364  | 364  | 0.137850418    | 0.132477380   |
| 316059:6662 | 05/09/18 23:10:21 | 566  | 566  | 0.170797118    | 0.163188827   |
| 316060:6662 | 05/10/18 02:53:15 | 935  | 935  | 0.193002132    | 0.187856740   |
| 316061:6662 | 05/10/18 09:00:15 | 36   | 36   | 0.005891410    | 0.005789945   |
| 316062:6662 | 05/10/18 10:24:04 | 4    | 4    | 0.000668201    | 0.000657440   |
| 316082:6663 | 05/10/18 12:45:59 | 371  | 371  | 0.140907641    | 0.136601703   |
| 316110:6666 | 05/10/18 21:22:27 | 210  | 210  | 0.081613371    | 0.079017104   |
| 316111:6666 | 05/10/18 22:46:45 | 48   | 48   | 0.016974880    | 0.014573458   |
| 316113:6666 | 05/10/18 23:16:41 | 64   | 64   | 0.021409714    | 0.019663098   |
| 316114:6666 | 05/10/18 23:42:59 | 1561 | 1561 | 0.358223966    | 0.349062636   |
| 316153:6672 | 05/11/18 17:03:13 | 770  | 770  | 0.252484392    | 0.245457480   |
| 316186:6674 | 05/12/18 03:00:17 | 44   | 44   | 0.016475594    | 0.014558605   |
| 316187:6674 | 05/12/18 03:18:33 | 1970 | 1970 | 0.508314272    | 0.487253668   |
| 316199:6675 | 05/12/18 18:55:11 | 1165 | 1165 | 0.401781604    | 0.387884741   |
| 316200:6675 | 05/13/18 02:29:15 | 10   | 10   | 0.002537506    | 0.002131482   |
| 316201:6675 | 05/13/18 02:36:35 | 498  | 498  | 0.111649839    | 0.105991624   |
| 316202:6675 | 05/13/18 05:53:20 | 403  | 403  | 0.074551950    | 0.072309327   |
| 316216:6677 | 05/13/18 11:57:39 | 442  | 442  | 0.173196683    | 0.165690110   |
| 316217:6677 | 05/13/18 15:05:04 | 264  | 264  | 0.088194531    | 0.085024869   |
| 316218:6677 | 05/13/18 16:52:48 | 1008 | 1008 | 0.241224265    | 0.234342150   |
| 316219:6677 | 05/13/18 23:33:20 | 283  | 283  | 0.048535847    | 0.047181664   |
| 316239:6681 | 05/14/18 05:52:33 | 589  | 589  | 0.210013287    | 0.201883392   |
| 316240:6681 | 05/14/18 09:45:29 | 1224 | 1224 | 0.282789259    | 0.273273628   |
| 316241:6681 | 05/14/18 17:44:39 | 324  | 324  | 0.053101075    | 0.051083470   |
| 316271:6683 | 05/15/18 00:23:55 | 86   | 86   | 0.031057408    | 0.028761946   |
| 316361:6688 | 05/15/18 17:14:36 | 189  | 189  | 0.027849041    | 0.025926495   |
| 316362:6688 | 05/15/18 18:35:05 | 425  | 425  | 0.054296674    | 0.052630950   |
| 316363:6688 | 05/15/18 21:31:00 | 48   | 48   | 0.004816822    | 0.004494835   |
| 316377:6690 | 05/16/18 01:56:03 | 21   | 21   | 0.003166456    | 0.001876894   |
| 316378:6690 | 05/16/18 02:06:25 | 29   | 29   | 0.006081756    | 0.003261983   |
| 316379:6690 | 05/16/18 02:20:14 | 70   | 70   | 0.014273762    | 0.008038051   |
| 316380:6690 | 05/16/18 02:51:00 | 1208 | 1208 | 0.174668577    | 0.170741402   |
| 316455:6693 | 05/16/18 19:16:26 | 36   | 36   | 0.009626966    | 0.009305321   |
| 316457:6693 | 05/16/18 19:38:29 | 1454 | 1454 | 0.324995962    | 0.315848939   |
| 316469:6694 | 05/17/18 07:48:26 | 428  | 428  | 0.149021720    | 0.144077504   |
| 316470:6694 | 05/17/18 11:54:10 | 476  | 476  | 0.116665744    | 0.112692839   |
| 316472:6694 | 05/17/18 15:00:36 | 328  | 328  | 0.065635764    | 0.063826372   |
| 316505:6696 | 05/18/18 00:24:12 | 1319 | 1319 | 0.399244087    | 0.386449151   |
| 316569:6700 | 05/19/18 02:15:14 | 1888 | 1888 | 0.480806532    | 0.467453264   |
| 316590:6702 | 05/19/18 20:55:26 | 510  | 510  | 0.188488092    | 0.182608416   |
| 316613:6706 | 05/20/18 07:52:23 | 193  | 193  | 0.031471291    | 0.030818854   |
| 316615:6706 | 05/20/18 09:12:46 | 338  | 338  | 0.048910006    | 0.048015272   |
| 316666:6709 | 05/20/18 21:51:34 | 981  | 981  | 0.279716451    | 0.269000892   |
| 316667:6709 | 05/21/18 04:15:41 | 197  | 197  | 0.041951081    | 0.040543939   |
| 316700:6710 | 05/21/18 11:45:23 | 311  | 311  | 0.117455425    | 0.110277288   |
| 316701:6710 | 05/21/18 14:12:33 | 479  | 479  | 0.145076226    | 0.138597175   |
| 316702:6710 | 05/21/18 17:21:19 | 388  | 388  | 0.094682562    | 0.091826782   |
| 316715:6711 | 05/22/18 01:10:33 | 13   | 13   | 0.003223184    | 0.002906589   |
| 316716:6711 | 05/22/18 01:30:22 | 181  | 181  | 0.067195594    | 0.059547483   |
| 316717:6711 | 05/22/18 02:44:01 | 192  | 192  | 0.064141140    | 0.060999748   |
| 316718:6711 | 05/22/18 04:00:36 | 311  | 311  | 0.090112291    | 0.086765733   |
| 316719:6711 | 05/22/18 06:17:38 | 136  | 136  | 0.034005098    | 0.031176418   |
| 316720:6711 | 05/22/18 07:16:07 | 182  | 182  | 0.041466582    | 0.040093380   |
| 316721:6711 | 05/22/18 08:29:43 | 15   | 15   | 0.003213818    | 0.003136788   |
| 316722:6711 | 05/22/18 08:45:58 | 751  | 751  | 0.134354936    | 0.129472608   |
| 316723:6711 | 05/22/18 13:38:49 | 64   | 64   | 0.009447754    | 0.009247834   |
| 316758:6712 | 05/22/18 16:43:00 | 1599 | 1599 | 0.454125034    | 0.438427393   |
| 316766:6714 | 05/23/18 05:50:21 | 2148 | 2148 | 0.557055354    | 0.539896981   |
| 316876:6719 | 05/24/18 23:17:16 | 610  | 610  | 0.227977178    | 0.208559222   |
| 316877:6719 | 05/25/18 03:18:17 | 395  | 395  | 0.110800548    | 0.106823334   |
| 316879:6719 | 05/25/18 06:01:35 | 156  | 156  | 0.037060411    | 0.035128560   |
| 316928:6724 | 05/25/18 17:30:22 | 149  | 149  | 0.044027272    | 0.042792746   |
| 316985:6731 | 05/27/18 20:04:09 | 471  | 471  | 0.171688324    | 0.166366918   |
| 316993:6733 | 05/28/18 03:32:51 | 211  | 211  | 0.076825064    | 0.071784377   |
| 316994:6733 | 05/28/18 04:58:47 | 14   | 14   | 0.004886747    | 0.004587452   |
| 316995:6733 | 05/28/18 05:06:29 | 623  | 623  | 0.184668847    | 0.179192071   |
| 317080:6737 | 05/28/18 20:40:32 | 26   | 26   | 0.007886039    | 0.007430570   |
| 317087:6738 | 05/28/18 23:14:12 | 741  | 741  | 0.243577319    | 0.234153917   |
| 317089:6738 | 05/29/18 04:46:52 | 1003 | 1003 | 0.212820790    | 0.204729732   |
| 317182:6741 | 05/30/18 09:15:47 | 1377 | 1377 | 0.405681995    | 0.390602967   |
| 317212:6744 | 05/31/18 02:42:18 | 140  | 140  | 0.052281094    | 0.049255413   |
| 317213:6744 | 05/31/18 03:40:05 | 375  | 375  | 0.125352888    | 0.120693742   |
| 317279:6747 | 05/31/18 17:11:11 | 466  | 466  | 0.066614006    | 0.064332082   |
| 317291:6749 | 06/01/18 02:53:28 | 791  | 791  | 0.272736348    | 0.263712511   |
| 317292:6749 | 06/01/18 08:08:06 | 330  | 330  | 0.084205611    | 0.081673632   |
| 317297:6749 | 06/01/18 11:34:35 | 697  | 697  | 0.122303042    | 0.118834733   |
| 317319:6751 | 06/01/18 19:42:34 | 139  | 139  | 0.054741843    | 0.051604381   |
| 317320:6751 | 06/01/18 20:37:54 | 1820 | 1820 | 0.458599044    | 0.442953816   |
| 317338:6752 | 06/02/18 10:48:26 | 42   | 42   | 0.015361840    | 0.013101239   |
| 317339:6752 | 06/02/18 11:06:15 | 163  | 163  | 0.065881177    | 0.063374625   |
| 317340:6752 | 06/02/18 12:17:49 | 418  | 418  | 0.142187242    | 0.135221668   |
| 317382:6755 | 06/03/18 16:34:21 | 71   | 71   | 0.026778145    | 0.023254901   |
| 317383:6755 | 06/03/18 17:05:19 | 58   | 58   | 0.023037928    | 0.021649579   |
| 317391:6757 | 06/04/18 03:22:00 | 8    | 8    | 0.003367517    | 0.002627411   |
| 317392:6757 | 06/04/18 03:27:45 | 1898 | 1898 | 0.485771797    | 0.471633900   |
| 317435:6759 | 06/05/18 00:15:36 | 1397 | 1397 | 0.360526626    | 0.347198926   |
| 317438:6759 | 06/05/18 09:20:21 | 307  | 307  | 0.049730077    | 0.047770573   |
| 317475:6761 | 06/05/18 18:13:48 | 68   | 68   | 0.026040794    | 0.024777066   |
| 317478:6761 | 06/05/18 18:47:22 | 23   | 23   | 0.008147721    | 0.007610915   |
| 317484:6761 | 06/05/18 19:51:18 | 523  | 523  | 0.159252709    | 0.154115634   |
| 317488:6761 | 06/05/18 23:26:32 | 844  | 844  | 0.179418805    | 0.173890649   |
| 317527:6763 | 06/06/18 22:52:13 | 1447 | 1447 | 0.448252240    | 0.434267762   |
| 317591:6768 | 06/08/18 07:07:55 | 292  | 292  | 0.110950376    | 0.106962125   |
| 317626:6770 | 06/08/18 20:45:31 | 2006 | 2006 | 0.524827719    | 0.507957827   |
| 317640:6772 | 06/09/18 13:47:49 | 801  | 801  | 0.260913923    | 0.250898826   |
| 317641:6772 | 06/09/18 19:02:10 | 1390 | 1390 | 0.265107669    | 0.257334707   |
| 317648:6773 | 06/10/18 06:27:57 | 95   | 95   | 0.036026990    | 0.032582446   |
| 317649:6773 | 06/10/18 07:08:13 | 621  | 621  | 0.192486701    | 0.185577912   |
| 317650:6773 | 06/10/18 11:10:27 | 1304 | 1304 | 0.253526363    | 0.245569587   |
| 317661:6774 | 06/10/18 21:57:00 | 1222 | 1222 | 0.371817721    | 0.360408713   |
| 317663:6774 | 06/11/18 06:27:15 | 858  | 858  | 0.150682489    | 0.146907102   |
| 317683:6776 | 06/11/18 16:18:33 | 320  | 320  | 0.117535560    | 0.113188813   |
| 317696:6778 | 06/12/18 00:00:43 | 645  | 645  | 0.228534721    | 0.219814423   |
| 318733:6850 | 06/26/18 22:28:18 | 33   | 33   | 0.002877056    | 0.002690376   |
| 318828:6858 | 06/28/18 06:30:24 | 70   | 70   | 0.013258133    | 0.012822714   |
| 318872:6860 | 06/28/18 15:50:31 | 272  | 272  | 0.091132358    | 0.087901767   |
| 318874:6860 | 06/28/18 17:39:39 | 320  | 320  | 0.099322393    | 0.094917432   |
| 318876:6860 | 06/28/18 19:45:23 | 161  | 161  | 0.046586927    | 0.044263060   |
| 318877:6860 | 06/28/18 20:49:22 | 615  | 615  | 0.155978081    | 0.151711508   |
| 319077:6874 | 07/01/18 23:27:46 | 41   | 41   | 0.016224535    | 0.015766860   |
| 319337:6901 | 07/08/18 02:05:51 | 2193 | 2193 | 0.229074637    | 0.224324314   |
| 319347:6904 | 07/08/18 19:53:19 | 651  | 651  | 0.222497742    | 0.204766917   |
| 319348:6904 | 07/09/18 00:07:18 | 37   | 37   | 0.010608955    | 0.004835226   |
| 319349:6904 | 07/09/18 00:23:35 | 148  | 148  | 0.040591824    | 0.039507168   |
| 319449:6909 | 07/09/18 20:59:33 | 698  | 698  | 0.252192610    | 0.242064020   |
| 319450:6909 | 07/10/18 01:32:45 | 681  | 681  | 0.205757065    | 0.200470473   |
| 319456:6909 | 07/10/18 07:08:41 | 209  | 209  | 0.052149064    | 0.050200471   |
| 319459:6909 | 07/10/18 08:32:35 | 78   | 78   | 0.017018872    | 0.016604106   |
| 319486:6911 | 07/11/18 09:10:22 | 66   | 66   | 0.020491516    | 0.019793443   |
| 319503:6911 | 07/11/18 17:30:46 | 317  | 317  | 0.092146337    | 0.088425198   |
| 319524:6912 | 07/11/18 22:27:30 | 1424 | 1424 | 0.457680595    | 0.443998620   |
| 319526:6912 | 07/12/18 08:14:19 | 282  | 282  | 0.069448185    | 0.067401676   |
| 319528:6912 | 07/12/18 10:11:01 | 259  | 259  | 0.058992260    | 0.057641081   |
| 319579:6919 | 07/13/18 04:43:17 | 3128 | 3128 | 0.792754572    | 0.769975202   |
| 319625:6921 | 07/14/18 14:05:52 | 190  | 190  | 0.069908363    | 0.067638151   |
| 319639:6923 | 07/14/18 18:52:14 | 1479 | 1479 | 0.405126201    | 0.391545482   |
| 319656:6924 | 07/15/18 07:24:28 | 260  | 260  | 0.088889054    | 0.084257659   |
| 319657:6924 | 07/15/18 09:09:07 | 167  | 167  | 0.051427028    | 0.049562896   |
| 319658:6924 | 07/15/18 10:16:05 | 225  | 225  | 0.061997897    | 0.059873546   |
| 319659:6924 | 07/15/18 11:50:27 | 87   | 87   | 0.021613693    | 0.020840353   |
| 319678:6925 | 07/15/18 15:20:14 | 259  | 259  | 0.094975237    | 0.091522160   |
| 319687:6927 | 07/15/18 22:28:05 | 45   | 45   | 0.015832632    | 0.015411231   |
| 319697:6929 | 07/16/18 02:17:41 | 437  | 437  | 0.061184365    | 0.058972434   |
| 319698:6929 | 07/16/18 05:13:10 | 312  | 312  | 0.036044334    | 0.035196072   |
| 319756:6931 | 07/16/18 15:39:05 | 1923 | 1923 | 0.485206472    | 0.469065952   |
| 319840:6939 | 07/17/18 22:27:54 | 348  | 348  | 0.050153644    | 0.048669486   |
| 319841:6939 | 07/18/18 00:44:34 | 167  | 167  | 0.020327954    | 0.019819149   |
| 319847:6940 | 07/18/18 04:02:31 | 3    | 3    | 0.001277116    | 0.000841615   |
| 319848:6940 | 07/18/18 04:04:46 | 53   | 53   | 0.019111285    | 0.018265083   |
| 319849:6940 | 07/18/18 04:28:03 | 492  | 492  | 0.172707880    | 0.166302643   |
| 319851:6940 | 07/18/18 07:46:30 | 4    | 4    | 0.001196603    | 0.001079057   |
| 319853:6940 | 07/18/18 08:01:32 | 256  | 256  | 0.070130835    | 0.068129151   |
| 319854:6940 | 07/18/18 09:44:35 | 225  | 225  | 0.052809761    | 0.051348575   |
| 319908:6942 | 07/19/18 02:40:13 | 51   | 51   | 0.018766636    | 0.017509944   |
| 319909:6942 | 07/19/18 03:03:14 | 7    | 7    | 0.002631177    | 0.001060008   |
| 319910:6942 | 07/19/18 03:09:21 | 983  | 983  | 0.302092243    | 0.291924794   |
| 319912:6942 | 07/19/18 09:34:18 | 59   | 59   | 0.013546626    | 0.012831087   |
| 319913:6942 | 07/19/18 09:59:25 | 56   | 56   | 0.012444079    | 0.011998373   |
| 319914:6942 | 07/19/18 10:22:49 | 32   | 32   | 0.006932253    | 0.006575991   |
| 319915:6942 | 07/19/18 10:37:24 | 416  | 416  | 0.085023915    | 0.083004105   |
| 319941:6944 | 07/19/18 19:59:36 | 256  | 256  | 0.094882184    | 0.090461631   |
| 319942:6944 | 07/19/18 21:41:31 | 50   | 50   | 0.017178971    | 0.016725164   |
| 319950:6946 | 07/20/18 02:45:31 | 168  | 168  | 0.065026653    | 0.063223121   |
| 319991:6953 | 07/20/18 15:48:52 | 837  | 837  | 0.280082693    | 0.270085593   |
| 319992:6953 | 07/20/18 21:15:40 | 264  | 264  | 0.065287553    | 0.062666746   |
| 319993:6953 | 07/20/18 23:01:06 | 955  | 955  | 0.179342140    | 0.174501869   |
| 320002:6956 | 07/21/18 08:17:33 | 141  | 141  | 0.050292764    | 0.048072125   |
| 320006:6956 | 07/21/18 09:46:33 | 340  | 340  | 0.112776344    | 0.109199093   |
| 320010:6956 | 07/21/18 14:27:42 | 330  | 330  | 0.073239467    | 0.071341975   |
| 320011:6956 | 07/21/18 16:38:02 | 302  | 302  | 0.060281367    | 0.058383576   |
| 320012:6956 | 07/21/18 18:38:20 | 99   | 99   | 0.017871570    | 0.017270701   |
| 320023:6957 | 07/21/18 21:33:04 | 276  | 276  | 0.099475302    | 0.094555245   |
| 320024:6957 | 07/21/18 23:21:36 | 410  | 410  | 0.124655613    | 0.120816459   |
| 320025:6957 | 07/22/18 02:03:22 | 113  | 113  | 0.029819952    | 0.028750569   |
| 320026:6957 | 07/22/18 02:49:56 | 204  | 204  | 0.049242065    | 0.047830318   |
| 320038:6960 | 07/22/18 07:09:05 | 621  | 621  | 0.217683001    | 0.209334058   |
| 320039:6960 | 07/22/18 11:13:46 | 30   | 30   | 0.008739535    | 0.007821492   |
| 320040:6960 | 07/22/18 11:29:07 | 737  | 737  | 0.175220043    | 0.169552592   |
| 320059:6961 | 07/22/18 18:43:23 | 105  | 105  | 0.041810535    | 0.039193371   |
| 320060:6961 | 07/22/18 19:27:06 | 42   | 42   | 0.015830536    | 0.015045479   |
| 320061:6961 | 07/22/18 19:46:28 | 49   | 49   | 0.018289350    | 0.017478076   |
| 320062:6961 | 07/22/18 20:06:51 | 21   | 21   | 0.007661470    | 0.006646537   |
| 320063:6961 | 07/22/18 20:17:41 | 64   | 64   | 0.022681520    | 0.021200481   |
| 320064:6961 | 07/22/18 20:48:07 | 200  | 200  | 0.065424323    | 0.062043838   |
| 320065:6961 | 07/22/18 22:09:31 | 920  | 920  | 0.224547816    | 0.216994982   |
| 320673:7005 | 08/01/18 02:33:02 | 867  | 867  | 0.063812094    | 0.062554259   |
| 320674:7005 | 08/01/18 08:11:46 | 599  | 599  | 0.033154576    | 0.032614851   |
| 320688:7006 | 08/01/18 15:24:07 | 483  | 483  | 0.128787710    | 0.124551563   |
| 320712:7008 | 08/02/18 02:45:02 | 204  | 204  | 0.068829486    | 0.066568795   |
| 320757:7013 | 08/02/18 14:37:56 | 332  | 332  | 0.115644695    | 0.111614819   |
| 320804:7017 | 08/03/18 07:27:51 | 1229 | 1229 | 0.316203790    | 0.304795703   |
| 320807:7017 | 08/03/18 15:28:47 | 7    | 7    | 0.001260758    | 0.000321847   |
| 320809:7017 | 08/03/18 15:43:13 | 716  | 716  | 0.104132651    | 0.101477412   |
| 320821:7018 | 08/03/18 23:57:33 | 181  | 181  | 0.060138289    | 0.057699681   |
| 320822:7018 | 08/04/18 01:09:17 | 523  | 523  | 0.147971016    | 0.142985422   |
| 320823:7018 | 08/04/18 04:34:31 | 360  | 360  | 0.079033405    | 0.076341415   |
| 320824:7018 | 08/04/18 06:55:49 | 1051 | 1051 | 0.160676480    | 0.156528562   |
| 320838:7020 | 08/04/18 17:31:13 | 265  | 265  | 0.092608755    | 0.088238185   |
| 320840:7020 | 08/04/18 19:20:16 | 471  | 471  | 0.140154842    | 0.134610618   |
| 320841:7020 | 08/04/18 22:26:04 | 205  | 205  | 0.049926242    | 0.048161950   |
| 320853:7024 | 08/05/18 06:48:21 | 329  | 329  | 0.116976509    | 0.112844414   |
| 320854:7024 | 08/05/18 08:59:07 | 125  | 125  | 0.039550083    | 0.037853758   |
| 320855:7024 | 08/05/18 09:50:43 | 565  | 565  | 0.145061633    | 0.139939092   |
| 320856:7024 | 08/05/18 13:36:29 | 159  | 159  | 0.033008915    | 0.031944004   |
| 320857:7024 | 08/05/18 14:39:58 | 272  | 272  | 0.052233767    | 0.050428413   |
| 320858:7024 | 08/05/18 16:27:34 | 230  | 230  | 0.037256531    | 0.035804848   |
| 320859:7024 | 08/05/18 18:00:17 | 40   | 40   | 0.004907718    | 0.004698480   |
| 320887:7026 | 08/05/18 22:38:35 | 273  | 273  | 0.103210420    | 0.099880757   |
| 320888:7026 | 08/06/18 00:26:11 | 26   | 26   | 0.009341207    | 0.009088733   |
| 320916:7031 | 08/06/18 09:12:39 | 24   | 24   | 0.007010464    | 0.006309333   |
| 320917:7031 | 08/06/18 09:25:18 | 1926 | 1926 | 0.470559556    | 0.456327180   |
| 320920:7031 | 08/06/18 21:56:15 | 178  | 178  | 0.023538803    | 0.022913347   |
| 320933:7033 | 08/07/18 03:29:36 | 175  | 172  | 0.052866149    | 0.049574394   |
| 320934:7033 | 08/07/18 04:38:32 | 831  | 826  | 0.208551314    | 0.200870547   |
| 320936:7033 | 08/07/18 10:01:23 | 407  | 400  | 0.079140195    | 0.074725832   |
| 320941:7033 | 08/07/18 12:39:42 | 93   | 93   | 0.015435753    | 0.014931535   |
| 320980:7035 | 08/07/18 15:52:40 | 99   | 99   | 0.037909712    | 0.036811521   |
| 320995:7036 | 08/07/18 19:28:56 | 189  | 183  | 0.028235488    | 0.025050577   |
| 320996:7036 | 08/07/18 20:42:31 | 380  | 380  | 0.048952324    | 0.046755097   |
| 321004:7037 | 08/08/18 01:47:43 | 150  | 147  | 0.048977824    | 0.044806461   |
| 321005:7037 | 08/08/18 02:48:15 | 61   | 61   | 0.020429638    | 0.018326626   |
| 321006:7037 | 08/08/18 03:15:06 | 162  | 162  | 0.051660760    | 0.049393089   |
| 321007:7037 | 08/08/18 04:19:57 | 831  | 829  | 0.200415621    | 0.193443219   |
| 321009:7037 | 08/08/18 09:43:26 | 85   | 79   | 0.015881454    | 0.014041920   |
| 321010:7037 | 08/08/18 10:16:22 | 342  | 342  | 0.056960320    | 0.054547858   |
| 321011:7037 | 08/08/18 12:32:48 | 213  | 211  | 0.030335486    | 0.027602105   |
| 321012:7037 | 08/08/18 13:58:31 | 47   | 47   | 0.005137674    | 0.004739970   |
| 321051:7039 | 08/09/18 03:17:55 | 1122 | 1113 | 0.334957785    | 0.317240487   |
| 321055:7039 | 08/09/18 10:35:37 | 730  | 730  | 0.131326263    | 0.128356896   |
| 321067:7040 | 08/09/18 18:21:45 | 595  | 593  | 0.183290061    | 0.175777421   |
| 321068:7040 | 08/09/18 22:16:40 | 715  | 707  | 0.156027319    | 0.150153213   |
| 321069:7040 | 08/10/18 02:54:15 | 313  | 313  | 0.052451333    | 0.050677554   |
| 321119:7042 | 08/10/18 15:12:52 | 170  | 169  | 0.063942166    | 0.059637063   |
| 321121:7042 | 08/10/18 16:22:07 | 47   | 46   | 0.017671150    | 0.016105827   |
| 321122:7042 | 08/10/18 16:42:12 | 395  | 391  | 0.130432005    | 0.122549874   |
| 321124:7042 | 08/10/18 19:20:27 | 819  | 818  | 0.196841560    | 0.189121143   |
| 321126:7042 | 08/11/18 01:03:46 | 493  | 493  | 0.083363905    | 0.080762548   |
| 321134:7043 | 08/11/18 08:39:56 | 38   | 38   | 0.008620202    | 0.008342897   |
| 321138:7043 | 08/11/18 09:32:56 | 741  | 735  | 0.154414267    | 0.145742181   |
| 321140:7043 | 08/11/18 14:25:01 | 798  | 798  | 0.123219548    | 0.120397847   |
| 321149:7045 | 08/11/18 22:25:56 | 1697 | 1697 | 0.455285704    | 0.442083311   |
| 321165:7047 | 08/12/18 15:19:23 | 8    | 2    | 0.003261564    | 0.000378670   |
| 321166:7047 | 08/12/18 15:42:33 | 10   | 10   | 0.004063785    | 0.003431178   |
| 321167:7047 | 08/12/18 15:51:01 | 918  | 918  | 0.287865026    | 0.279072978   |
| 321177:7048 | 08/13/18 03:40:21 | 411  | 411  | 0.158705441    | 0.154227249   |
| 321178:7048 | 08/13/18 06:57:22 | 74   | 74   | 0.024020625    | 0.023448872   |
| 321218:7052 | 08/13/18 12:13:50 | 914  | 914  | 0.301581691    | 0.287475504   |
| 321219:7052 | 08/13/18 18:10:45 | 934  | 930  | 0.190802083    | 0.185067093   |
| 321221:7052 | 08/14/18 00:13:22 | 40   | 40   | 0.006179472    | 0.006044237   |
| 321230:7053 | 08/14/18 03:33:42 | 84   | 81   | 0.033916611    | 0.022964314   |
| 321231:7053 | 08/14/18 04:09:25 | 59   | 59   | 0.025072371    | 0.014734895   |
| 321232:7053 | 08/14/18 04:36:11 | 30   | 24   | 0.012312392    | 0.006136259   |
| 321233:7053 | 08/14/18 04:47:56 | 727  | 727  | 0.243071660    | 0.235861700   |
| 321262:7054 | 08/14/18 12:50:08 | 4    | 4    | 0.001770378    | 0.001706996   |
| 321283:7055 | 08/14/18 15:05:57 | 310  | 310  | 0.126886410    | 0.121601435   |
| 321294:7055 | 08/14/18 17:35:53 | 62   | 62   | 0.022427819    | 0.020944746   |
| 321295:7055 | 08/14/18 18:01:35 | 739  | 734  | 0.213520566    | 0.205055754   |
| 321296:7055 | 08/14/18 22:55:45 | 56   | 56   | 0.012638089    | 0.012109955   |
| 321305:7056 | 08/15/18 02:02:22 | 2628 | 2628 | 0.633563417    | 0.612921672   |
| 321311:7056 | 08/15/18 20:48:30 | 10   | 10   | 0.000964247    | 0.000481348   |
| 321312:7056 | 08/15/18 20:55:17 | 768  | 761  | 0.063510452    | 0.061707617   |
| 321313:7056 | 08/16/18 01:55:17 | 408  | 408  | 0.027610761    | 0.027228401   |
| 321393:7058 | 08/17/18 05:32:38 | 142  | 138  | 0.054158851    | 0.050416479   |
| 321396:7058 | 08/17/18 06:29:54 | 1475 | 1469 | 0.385981081    | 0.371469455   |
| 321397:7058 | 08/17/18 16:06:24 | 365  | 365  | 0.054836376    | 0.053392331   |
| 321414:7061 | 08/17/18 21:14:10 | 1253 | 1243 | 0.403975580    | 0.386986530   |
| 321415:7061 | 08/18/18 05:21:20 | 804  | 804  | 0.149207195    | 0.145094145   |
| 321431:7063 | 08/18/18 13:51:46 | 160  | 153  | 0.062605755    | 0.056702084   |
| 321432:7063 | 08/18/18 14:54:30 | 47   | 47   | 0.018451716    | 0.016837423   |
| 321433:7063 | 08/18/18 15:15:09 | 125  | 125  | 0.046304438    | 0.043373857   |
| 321434:7063 | 08/18/18 16:07:00 | 642  | 642  | 0.190810420    | 0.183920401   |
| 321436:7063 | 08/18/18 20:20:53 | 710  | 710  | 0.144875335    | 0.141166210   |
| 321457:7065 | 08/19/18 07:38:11 | 1845 | 1844 | 0.510477330    | 0.491018219   |
| 321461:7065 | 08/19/18 19:38:11 | 149  | 149  | 0.022039926    | 0.021472456   |
| 321475:7069 | 08/20/18 01:30:44 | 2028 | 2028 | 0.496986006    | 0.479924045   |
| 321710:7078 | 08/23/18 13:20:10 | 57   | 52   | 0.020172127    | 0.017456361   |
| 321712:7078 | 08/23/18 13:42:16 | 247  | 247  | 0.089176172    | 0.085619575   |
| 321730:7080 | 08/23/18 21:10:56 | 289  | 286  | 0.114959996    | 0.103993861   |
| 321732:7080 | 08/23/18 23:11:05 | 1412 | 1407 | 0.365044749    | 0.350440744   |
| 321735:7080 | 08/24/18 08:33:28 | 146  | 146  | 0.024833442    | 0.024135787   |
| 321755:7083 | 08/24/18 13:48:51 | 693  | 686  | 0.226704261    | 0.216619059   |
| 321758:7083 | 08/24/18 18:21:07 | 157  | 152  | 0.040515000    | 0.038142503   |
| 321760:7083 | 08/24/18 19:44:52 | 805  | 805  | 0.153555949    | 0.149011329   |
| 321773:7087 | 08/25/18 12:11:59 | 55   | 55   | 0.022408981    | 0.021327355   |
| 321774:7087 | 08/25/18 12:43:49 | 117  | 117  | 0.046509476    | 0.044312738   |
| 321775:7087 | 08/25/18 13:36:11 | 13   | 13   | 0.005029773    | 0.004874281   |
| 321776:7087 | 08/25/18 13:57:38 | 33   | 30   | 0.012247041    | 0.010430379   |
| 321777:7087 | 08/25/18 14:14:59 | 187  | 187  | 0.064918724    | 0.059502458   |
| 321778:7087 | 08/25/18 16:07:28 | 143  | 136  | 0.042527563    | 0.036611336   |
| 321780:7087 | 08/25/18 17:04:58 | 481  | 481  | 0.118933355    | 0.115624789   |
| 321781:7087 | 08/25/18 20:38:11 | 380  | 380  | 0.071907956    | 0.069298281   |
| 321813:7090 | 08/26/18 09:20:16 | 321  | 321  | 0.126780669    | 0.121876334   |
| 321815:7090 | 08/26/18 12:01:18 | 23   | 23   | 0.007890225    | 0.005184170   |
| 321817:7090 | 08/26/18 12:20:00 | 536  | 536  | 0.155989518    | 0.150826736   |
| 321818:7090 | 08/26/18 15:50:07 | 690  | 690  | 0.145495678    | 0.140524591   |
| 321820:7090 | 08/26/18 20:26:16 | 214  | 214  | 0.033537747    | 0.032710765   |
| 321831:7091 | 08/27/18 00:10:23 | 757  | 752  | 0.264161375    | 0.251446017   |
| 321832:7091 | 08/27/18 05:06:22 | 497  | 494  | 0.122944445    | 0.117854023   |
| 321833:7091 | 08/27/18 08:27:01 | 407  | 398  | 0.079882062    | 0.075563622   |
| 321834:7091 | 08/27/18 11:05:29 | 333  | 333  | 0.052607939    | 0.050820984   |
| 321879:7092 | 08/27/18 17:57:43 | 274  | 265  | 0.100277412    | 0.091325990   |
| 321880:7092 | 08/27/18 20:01:46 | 130  | 130  | 0.043312535    | 0.041925637   |
| 321887:7095 | 08/28/18 01:04:05 | 895  | 895  | 0.291686680    | 0.280682819   |
| 321908:7097 | 08/28/18 13:40:10 | 430  | 426  | 0.159146152    | 0.147203195   |
| 321909:7097 | 08/28/18 16:31:34 | 1653 | 1653 | 0.357251606    | 0.346091865   |
| 321917:7098 | 08/29/18 05:24:25 | 798  | 798  | 0.275369443    | 0.264750148   |
| 321919:7098 | 08/29/18 10:38:54 | 6    | 6    | 0.001665460    | 0.001513779   |
| 321933:7099 | 08/29/18 14:09:14 | 282  | 282  | 0.106240563    | 0.102323316   |
| 321960:7101 | 08/29/18 21:26:50 | 30   | 24   | 0.010684732    | 0.007355296   |
| 321961:7101 | 08/29/18 21:43:01 | 354  | 354  | 0.140027698    | 0.133797262   |
| 321973:7105 | 08/30/18 09:44:31 | 1213 | 1208 | 0.379564747    | 0.363601485   |
| 321975:7105 | 08/30/18 17:37:20 | 866  | 866  | 0.153503033    | 0.148420905   |
| 321988:7108 | 08/31/18 03:56:30 | 1333 | 1329 | 0.406286703    | 0.389359593   |
| 321990:7108 | 08/31/18 13:16:38 | 471  | 471  | 0.084821633    | 0.082490254   |
| 322013:7109 | 08/31/18 18:44:39 | 9    | 9    | 0.002397312    | 0.001150619   |
| 322014:7109 | 08/31/18 18:52:10 | 17   | 17   | 0.007192376    | 0.006768404   |
| 322022:7110 | 08/31/18 21:02:56 | 1749 | 1749 | 0.476837059    | 0.459714210   |
| 322040:7112 | 09/01/18 11:09:07 | 39   | 39   | 0.014660030    | 0.013917818   |
| 322057:7114 | 09/01/18 20:28:33 | 21   | 21   | 0.009034517    | 0.008373671   |
| 322068:7117 | 09/02/18 02:40:57 | 674  | 674  | 0.246848690    | 0.235579882   |
| 322079:7118 | 09/02/18 11:24:27 | 360  | 360  | 0.148491435    | 0.141873030   |
| 322106:7120 | 09/02/18 21:40:44 | 824  | 824  | 0.296443123    | 0.285261221   |
| 322113:7122 | 09/03/18 06:37:14 | 112  | 108  | 0.045606877    | 0.041216710   |
| 322118:7122 | 09/03/18 07:20:37 | 861  | 861  | 0.282448456    | 0.271591015   |
| 322179:7123 | 09/03/18 16:39:52 | 1739 | 1739 | 0.494430506    | 0.476025164   |
| 322201:7124 | 09/04/18 05:55:40 | 228  | 222  | 0.094044232    | 0.085310006   |
| 322204:7124 | 09/04/18 07:24:58 | 1136 | 1136 | 0.329866037    | 0.315312511   |
| 322222:7124 | 09/04/18 14:53:46 | 526  | 526  | 0.097884466    | 0.094268539   |
| 322252:7125 | 09/04/18 20:29:21 | 1545 | 1545 | 0.444978551    | 0.426006514   |
| 322317:7127 | 09/05/18 12:01:44 | 54   | 54   | 0.020491134    | 0.019448858   |
| 322319:7127 | 09/05/18 12:25:29 | 163  | 161  | 0.065283419    | 0.056140152   |
| 322322:7127 | 09/05/18 13:29:28 | 1109 | 1107 | 0.308069872    | 0.296413039   |
| 322324:7127 | 09/05/18 21:27:54 | 416  | 416  | 0.072522696    | 0.070429246   |
| 322332:7128 | 09/06/18 02:11:57 | 1019 | 1019 | 0.330707971    | 0.317796054   |
| 322348:7131 | 09/06/18 13:43:40 | 1466 | 1466 | 0.435104411    | 0.418982827   |
| 322355:7132 | 09/07/18 01:05:42 | 102  | 99   | 0.037586859    | 0.034204780   |
| 322356:7132 | 09/07/18 01:45:20 | 779  | 779  | 0.245338279    | 0.237241591   |
| 322381:7133 | 09/07/18 11:10:33 | 533  | 533  | 0.188111154    | 0.180649144   |
| 322407:7135 | 09/07/18 17:47:22 | 537  | 537  | 0.180519247    | 0.171842581   |
| 322430:7137 | 09/08/18 01:19:20 | 749  | 739  | 0.250263340    | 0.238015408   |
| 322431:7137 | 09/08/18 06:12:25 | 1161 | 1161 | 0.239178513    | 0.231029724   |
| 322480:7139 | 09/08/18 17:33:14 | 349  | 341  | 0.121828498    | 0.110456305   |
| 322492:7139 | 09/08/18 20:56:03 | 1386 | 1386 | 0.302004469    | 0.291635890   |
| 322510:7142 | 09/09/18 08:32:39 | 9    | 9    | 0.002524189    | 0.002274797   |
| 322599:7144 | 09/09/18 15:58:48 | 252  | 252  | 0.101509197    | 0.095229385   |
| 322602:7144 | 09/09/18 17:40:02 | 70   | 69   | 0.026432378    | 0.024341643   |
| 322603:7144 | 09/09/18 18:08:10 | 10   | 10   | 0.003680422    | 0.002722811   |
| 322605:7144 | 09/09/18 18:13:24 | 280  | 280  | 0.094462986    | 0.090586745   |
| 322617:7144 | 09/09/18 21:12:33 | 601  | 601  | 0.143606924    | 0.138494345   |
| 322625:7145 | 09/10/18 03:32:11 | 1120 | 1120 | 0.351998397    | 0.339264377   |
| 322633:7145 | 09/10/18 10:51:35 | 249  | 249  | 0.053374730    | 0.051675063   |
| 323414:7213 | 09/24/18 01:51:16 | 46   | 40   | 0.008669688    | 0.006606247   |
| 323423:7213 | 09/24/18 05:01:48 | 136  | 136  | 0.023663463    | 0.022322506   |
| 323470:7217 | 09/24/18 13:47:52 | 222  | 221  | 0.085181882    | 0.080615260   |
| 323471:7217 | 09/24/18 15:18:19 | 238  | 232  | 0.083020936    | 0.076014614   |
| 323472:7217 | 09/24/18 16:50:41 | 64   | 64   | 0.020498576    | 0.019449958   |
| 323473:7217 | 09/24/18 17:40:43 | 227  | 227  | 0.064482248    | 0.055012687   |
| 323474:7217 | 09/24/18 19:42:21 | 355  | 352  | 0.081862654    | 0.078647039   |
| 323475:7217 | 09/24/18 22:00:43 | 77   | 77   | 0.014986741    | 0.014362115   |
| 323487:7218 | 09/25/18 03:28:20 | 451  | 451  | 0.161987043    | 0.155031413   |
| 323488:7218 | 09/25/18 06:30:08 | 750  | 745  | 0.195973385    | 0.187839780   |
| 323492:7218 | 09/25/18 11:45:44 | 33   | 30   | 0.007186028    | 0.005872906   |
| 323493:7218 | 09/25/18 11:58:38 | 144  | 140  | 0.029383254    | 0.027662899   |
| 323495:7218 | 09/25/18 12:54:32 | 187  | 187  | 0.033984377    | 0.032731089   |
| 323524:7221 | 09/25/18 22:36:21 | 537  | 531  | 0.182750093    | 0.174028360   |
| 323525:7221 | 09/26/18 02:05:25 | 1121 | 1117 | 0.254902902    | 0.245019432   |
| 323526:7221 | 09/26/18 09:22:44 | 462  | 462  | 0.067391424    | 0.065821898   |
| 323693:7234 | 09/29/18 01:47:31 | 114  | 114  | 0.043120275    | 0.040298299   |
| 323696:7234 | 09/29/18 02:33:10 | 257  | 257  | 0.093759864    | 0.089437037   |
| 323702:7234 | 09/29/18 08:56:35 | 808  | 808  | 0.151954073    | 0.147687161   |
| 323725:7236 | 09/29/18 18:38:40 | 329  | 329  | 0.126046641    | 0.119285200   |
| 323726:7236 | 09/29/18 20:49:58 | 60   | 53   | 0.020998587    | 0.014727822   |
| 323727:7236 | 09/29/18 21:13:06 | 971  | 971  | 0.258198050    | 0.249073474   |
| 323755:7239 | 09/30/18 11:17:44 | 929  | 929  | 0.310308049    | 0.298798985   |
| 323775:7240 | 09/30/18 19:49:19 | 132  | 129  | 0.050566199    | 0.047045680   |
| 323778:7240 | 09/30/18 20:41:27 | 934  | 934  | 0.285213390    | 0.273153102   |
| 323790:7242 | 10/01/18 07:35:03 | 904  | 900  | 0.293453007    | 0.278895668   |
| 323794:7242 | 10/01/18 13:29:18 | 68   | 68   | 0.016928694    | 0.016210291   |
| 323841:7245 | 10/01/18 23:32:03 | 465  | 464  | 0.164222623    | 0.156123002   |
| 323857:7245 | 10/02/18 02:35:31 | 357  | 357  | 0.099735484    | 0.096330020   |
| 323940:7252 | 10/03/18 01:12:48 | 1519 | 1519 | 0.453662535    | 0.432540674   |
| 323954:7252 | 10/03/18 11:06:38 | 77   | 77   | 0.015863668    | 0.015305863   |
| 323976:7253 | 10/03/18 14:01:35 | 55   | 47   | 0.020368218    | 0.014472730   |
| 323978:7253 | 10/03/18 14:23:02 | 73   | 68   | 0.029210508    | 0.022059076   |
| 323980:7253 | 10/03/18 14:51:36 | 202  | 199  | 0.074459520    | 0.068147677   |
| 323983:7253 | 10/03/18 16:11:59 | 188  | 187  | 0.061387827    | 0.057193013   |
| 323997:7253 | 10/03/18 17:30:40 | 498  | 498  | 0.135657427    | 0.129818219   |
| 324021:7256 | 10/04/18 01:48:39 | 776  | 772  | 0.270736476    | 0.253917183   |
| 324022:7256 | 10/04/18 06:50:16 | 554  | 554  | 0.133039237    | 0.128942225   |
| 324077:7259 | 10/04/18 22:20:57 | 699  | 699  | 0.253826364    | 0.244056337   |
| 324201:7264 | 10/06/18 23:58:20 | 1364 | 1355 | 0.382402075    | 0.365777310   |
| 324202:7264 | 10/07/18 08:48:52 | 240  | 238  | 0.040918523    | 0.039720395   |
| 324205:7264 | 10/07/18 10:31:04 | 163  | 160  | 0.024425859    | 0.023268074   |
| 324206:7264 | 10/07/18 11:38:15 | 149  | 141  | 0.020414673    | 0.017763257   |
| 324207:7264 | 10/07/18 12:44:25 | 34   | 33   | 0.004384293    | 0.004107698   |
| 324209:7264 | 10/07/18 13:02:20 | 142  | 142  | 0.016629691    | 0.016313374   |
| 324237:7265 | 10/07/18 21:29:59 | 204  | 204  | 0.079127091    | 0.075436218   |
| 324245:7266 | 10/08/18 01:31:07 | 1659 | 1659 | 0.437340043    | 0.420600298   |
| 324293:7270 | 10/08/18 23:08:15 | 2302 | 2302 | 0.535581714    | 0.517703142   |
| 324315:7271 | 10/09/18 16:26:19 | 202  | 202  | 0.075680582    | 0.070782053   |
| 324318:7271 | 10/09/18 17:53:42 | 332  | 332  | 0.105247476    | 0.100491000   |
| 324420:7274 | 10/11/18 00:24:58 | 625  | 625  | 0.210915480    | 0.200993691   |
| 324729:7308 | 10/16/18 09:28:04 | 193  | 193  | 0.015637081    | 0.015108589   |
| 324747:7309 | 10/16/18 12:56:26 | 1077 | 1073 | 0.325781305    | 0.309935594   |
| 324764:7309 | 10/16/18 19:54:47 | 150  | 147  | 0.032962861    | 0.030332915   |
| 324765:7309 | 10/16/18 20:52:50 | 481  | 478  | 0.091830394    | 0.088506010   |
| 324769:7309 | 10/16/18 23:59:46 | 328  | 328  | 0.048543518    | 0.047309398   |
| 324772:7309 | 10/17/18 02:48:01 | 165  | 165  | 0.019428902    | 0.019017504   |
| 324785:7310 | 10/17/18 06:16:28 | 588  | 583  | 0.195969077    | 0.186703453   |
| 324791:7310 | 10/17/18 10:04:48 | 1217 | 1217 | 0.255084022    | 0.247106159   |
| 324835:7314 | 10/17/18 22:30:15 | 259  | 257  | 0.096982856    | 0.086170235   |
| 324840:7314 | 10/18/18 00:41:16 | 96   | 93   | 0.032412611    | 0.027863782   |
| 324841:7314 | 10/18/18 01:18:35 | 1347 | 1347 | 0.315172145    | 0.303482772   |
| 324846:7314 | 10/18/18 10:06:07 | 515  | 515  | 0.071531841    | 0.069424339   |
| 324878:7315 | 10/18/18 16:07:08 | 1734 | 1734 | 0.421140774    | 0.406151152   |
| 324897:7317 | 10/19/18 06:41:04 | 141  | 141  | 0.053537476    | 0.050505272   |
| 324970:7320 | 10/19/18 15:42:39 | 2183 | 2183 | 0.501963004    | 0.483315589   |
| 324980:7321 | 10/20/18 08:16:24 | 2263 | 2263 | 0.539562481    | 0.517498325   |
| 324997:7324 | 10/21/18 04:34:59 | 122  | 116  | 0.045237985    | 0.038685484   |
| 324998:7324 | 10/21/18 05:23:15 | 368  | 362  | 0.123825350    | 0.114705388   |
| 324999:7324 | 10/21/18 07:47:05 | 14   | 14   | 0.004216488    | 0.003889737   |
| 325000:7324 | 10/21/18 08:03:56 | 371  | 371  | 0.098830549    | 0.095257460   |
| 325001:7324 | 10/21/18 10:29:40 | 592  | 592  | 0.124453696    | 0.120174825   |
| 325022:7328 | 10/21/18 21:10:37 | 1550 | 1550 | 0.450339406    | 0.435841684   |
| 325057:7331 | 10/22/18 14:07:34 | 342  | 342  | 0.127066027    | 0.120534376   |
| 325097:7333 | 10/22/18 21:19:16 | 57   | 57   | 0.021661156    | 0.017780422   |
| 325098:7333 | 10/22/18 21:46:04 | 8    | 8    | 0.003182245    | 0.002004861   |
| 325099:7333 | 10/22/18 21:50:54 | 394  | 388  | 0.148457684    | 0.139686032   |
| 325100:7333 | 10/23/18 00:24:31 | 254  | 254  | 0.079331102    | 0.074834224   |
| 325101:7333 | 10/23/18 02:07:46 | 484  | 482  | 0.124030332    | 0.119056396   |
| 325110:7333 | 10/23/18 05:48:35 | 21   | 16   | 0.004561290    | 0.003279274   |
| 325117:7333 | 10/23/18 07:38:22 | 533  | 533  | 0.089249807    | 0.086453391   |
| 325159:7334 | 10/23/18 14:38:01 | 219  | 213  | 0.069173897    | 0.061672074   |
| 325168:7334 | 10/23/18 16:09:34 | 21   | 18   | 0.006472030    | 0.004304504   |
| 325169:7334 | 10/23/18 16:19:30 | 23   | 23   | 0.006994447    | 0.005586930   |
| 325170:7334 | 10/23/18 16:31:19 | 1204 | 1203 | 0.274747318    | 0.265163660   |
| 325172:7334 | 10/24/18 00:22:14 | 484  | 475  | 0.072194848    | 0.068876201   |
+-------------+-------------------+------+------+----------------+---------------+
#Summary: 
+-------+------+--------+--------+-------------------+------------------+
| nfill | nrun | nls    | ncms   | totdelivered(/fb) | totrecorded(/fb) |
+-------+------+--------+--------+-------------------+------------------+
| 196   | 478  | 234526 | 234124 | 61.433596300      | 58.970066885     |
+-------+------+--------+--------+-------------------+------------------+
#Check JSON:
#(run,ls) in json but not in results: [(316241, 43)]
Traceback (most recent call last):
  File "/uscms/home/kmhuang/.local/bin/brilcalc", line 7, in <module>
    from brilws.cli.brilcalc_main import brilcalc_main
  File "/uscms/home/kmhuang/.local/lib/python2.7/site-packages/brilws/cli/__init__.py", line 1, in <module>
    from brilws.cli.brilcalc_main import brilcalc_main
  File "/uscms/home/kmhuang/.local/lib/python2.7/site-packages/brilws/cli/brilcalc_main.py", line 11, in <module>
    import pandas as pd
  File "/cvmfs/cms-bril.cern.ch/releases/brilconda-1.1.7-cc7-gcc485/bin/../lib/python2.7/site-packages/pandas/__init__.py", line 43, in <module>
    from pandas.io.api import *
  File "/cvmfs/cms-bril.cern.ch/releases/brilconda-1.1.7-cc7-gcc485/bin/../lib/python2.7/site-packages/pandas/io/api.py", line 15, in <module>
    from pandas.io.stata import read_stata
  File "/cvmfs/cms-bril.cern.ch/releases/brilconda-1.1.7-cc7-gcc485/bin/../lib/python2.7/site-packages/pandas/io/stata.py", line 11, in <module>
    """
KeyboardInterrupt
Traceback (most recent call last):
  File "lumi_tri_calculator.py", line 25, in <module>
    for trigger in triggers:
NameError: name 'triggers' is not defined
Traceback (most recent call last):
  File "lumi_tri_calculator.py", line 25, in <module>
    for trigger in triggers:
NameError: name 'triggers' is not defined
