[FERMIHTC-APPTAINER]: INFO -- ApptainerImage classAd detected
[FERMIHTC-APPTAINER]: INFO -- Attempting to run job in /cvmfs/singularity.opensciencegrid.org/cmssw/cms:rhel9
[FERMIHTC-APPTAINER]: INFO -- Running /cvmfs/oasis.opensciencegrid.org/mis/apptainer/current/bin/apptainer exec --pid --ipc --contain --bind /cvmfs --bind /etc/hosts --bind /etc/grid-security --home /storage/local/data1/condor/execute/dir_1752261:/srv --pwd /srv /cvmfs/singularity.opensciencegrid.org/cmssw/cms:rhel9 ./training_shell.sh
CMS@Home
COMP
LICENSE
README
README.cmssw.git
README.grid
README.lhapdf
README.oo77
README_mic
SITECONF
SITELATLONG.json
alma8_aarch64_gcc11
alma8_amd64_gcc10
alma8_ppc64le_gcc11
bin
bootstrap.sh
bootstraptmp
cat
cc8_aarch64_gcc8
cc8_aarch64_gcc9
cc8_amd64_gcc8
cc8_amd64_gcc9
cc8_ppc64le_gcc8
cc8_ppc64le_gcc9
cms-service-dqm
cmsmon
cmsset_default.csh
cmsset_default.sh
cmssw.git
cmssw.git.daily
common
crab
crab3
cs8_aarch64_gcc10
cs8_aarch64_gcc11
cs8_amd64_gcc10
cs8_amd64_gcc11
cs8_ppc64le_gcc10
cs8_ppc64le_gcc11
cs9_amd64_gcc11
cuda-compatible-runtime
cvmfs
cvmfs-cms.cern.ch-updates
el8_aarch64_gcc10
el8_aarch64_gcc11
el8_aarch64_gcc12
el8_aarch64_gcc13
el8_amd64_gcc10
el8_amd64_gcc11
el8_amd64_gcc12
el8_amd64_gcc13
el8_amd64_gcc14
el8_ppc64le_gcc10
el8_ppc64le_gcc11
el8_ppc64le_gcc12
el9_aarch64_gcc11
el9_aarch64_gcc12
el9_amd64_gcc11
el9_amd64_gcc12
el9_amd64_gcc13
etc
external
fc19_aarch64_gcc490
fc22_ppc64le_gcc530
glidein
grid
latex
lhapdf
offcomp-prod
oo77
osx108_amd64_gcc481
phedex
phys_generator
releases.map
rhel8_amd64_gcc10
rootfs
rsync
rucio
share
slc5_amd64_gcc434
slc5_amd64_gcc461
slc5_amd64_gcc462
slc5_amd64_gcc470
slc5_amd64_gcc472
slc5_amd64_gcc480
slc5_amd64_gcc481
slc5_ia32_gcc434
slc6_amd64_gcc462
slc6_amd64_gcc472
slc6_amd64_gcc480
slc6_amd64_gcc481
slc6_amd64_gcc490
slc6_amd64_gcc491
slc6_amd64_gcc493
slc6_amd64_gcc530
slc6_amd64_gcc600
slc6_amd64_gcc620
slc6_amd64_gcc630
slc6_amd64_gcc700
slc6_mic_gcc481
slc7_aarch64_gcc10
slc7_aarch64_gcc11
slc7_aarch64_gcc530
slc7_aarch64_gcc700
slc7_aarch64_gcc820
slc7_aarch64_gcc9
slc7_amd64_gcc10
slc7_amd64_gcc11
slc7_amd64_gcc12
slc7_amd64_gcc491
slc7_amd64_gcc493
slc7_amd64_gcc530
slc7_amd64_gcc620
slc7_amd64_gcc630
slc7_amd64_gcc700
slc7_amd64_gcc820
slc7_amd64_gcc900
slc7_ppc64le_gcc10
slc7_ppc64le_gcc11
slc7_ppc64le_gcc530
slc7_ppc64le_gcc820
slc7_ppc64le_gcc9
spacemon-client
test
test-fab-alma9-deleteme
ubi8_aarch64_gcc11
ubi8_amd64_gcc10
ubi8_amd64_gcc11
ubi8_ppc64le_gcc11
user
var
